app/build/intermediates/manifest_merge_blame_file/debug/manifest-merger-blame-debug-report.txt
1<?xml version="1.0" encoding="utf-8"?>
2<manifest xmlns:android="http://schemas.android.com/apk/res/android"
3    package="com.example.quaky"
4    android:versionCode="1"
5    android:versionName="1.0" >
6
7    <uses-sdk
8        android:minSdkVersion="15"
8-->src\main\AndroidManifest.xml
9        android:targetSdkVersion="29" />
9-->src\main\AndroidManifest.xml
10
11    <uses-permission android:name="android.permission.INTERNET" />
11-->src\main\AndroidManifest.xml:22:5-66
11-->src\main\AndroidManifest.xml:22:22-64
12
13    <application
13-->src\main\AndroidManifest.xml:4:5-21:19
14        android:allowBackup="true"
14-->src\main\AndroidManifest.xml:5:9-35
15        android:appComponentFactory="androidx.core.app.CoreComponentFactory"
15-->[androidx.core:core:1.1.0] AndroidManifest.xml:24:18-86
16        android:debuggable="true"
17        android:icon="@drawable/icon"
17-->src\main\AndroidManifest.xml:6:9-38
18        android:label="@string/app_name"
18-->src\main\AndroidManifest.xml:7:9-41
19        android:roundIcon="@drawable/icon"
19-->src\main\AndroidManifest.xml:8:9-43
20        android:supportsRtl="true"
20-->src\main\AndroidManifest.xml:9:9-35
21        android:testOnly="true"
22        android:theme="@style/Theme.AppCompat.DayNight.NoActionBar" >
22-->src\main\AndroidManifest.xml:10:9-68
23        <activity
23-->src\main\AndroidManifest.xml:12:9-19:20
24            android:name="com.example.quaky.Main"
24-->src\main\AndroidManifest.xml:12:19-39
25            android:screenOrientation="sensorPortrait" >
25-->src\main\AndroidManifest.xml:13:13-55
26            <intent-filter>
26-->src\main\AndroidManifest.xml:14:13-18:29
27                <action android:name="android.intent.action.MAIN" />
27-->src\main\AndroidManifest.xml:15:17-69
27-->src\main\AndroidManifest.xml:15:25-66
28
29                <category android:name="android.intent.category.LAUNCHER" />
29-->src\main\AndroidManifest.xml:17:17-77
29-->src\main\AndroidManifest.xml:17:27-74
30            </intent-filter>
31        </activity>
32    </application>
33
34</manifest>